<?xml version="1.0" encoding="utf-8"?>
<test-run id="2" name="JustSaying.AwsTools.UnitTests.exe" fullname="C:/_github/JustSaying/JustSaying.AwsTools.UnitTests/bin/Debug/net46/JustSaying.AwsTools.UnitTests.exe" testcasecount="65" result="Skipped" label="Ignored" start-time="2017-03-27 09:04:32Z" end-time="2017-03-27 09:04:36Z" duration="4.165135" total="65" passed="64" failed="0" inconclusive="0" skipped="1" asserts="40" random-seed="1344989619">
  <command-line><![CDATA["C:\_github\JustSaying\JustSaying.AwsTools.UnitTests\bin\Debug\net46\JustSaying.AwsTools.UnitTests.exe"  --result=.\output\nunit\JustSaying.AwsTools.UnitTests.TestResults.xml]]></command-line>
  <filter />
  <test-suite type="Assembly" id="1088" name="JustSaying.AwsTools.UnitTests.exe" fullname="C:/_github/JustSaying/JustSaying.AwsTools.UnitTests/bin/Debug/net46/JustSaying.AwsTools.UnitTests.exe" runstate="Runnable" testcasecount="65" result="Skipped" label="Ignored" start-time="2017-03-27 09:04:32Z" end-time="2017-03-27 09:04:36Z" duration="4.165135" total="65" passed="64" failed="0" warnings="0" inconclusive="0" skipped="1" asserts="40">
    <environment framework-version="3.6.1.0" clr-version="4.0.30319.42000" os-version="Microsoft Windows NT 6.2.9200.0" platform="Win32NT" cwd="C:\_github\JustSaying" machine-name="JEUKBRILP8086" user="stuart.lang" user-domain="JUST-EAT" culture="en-GB" uiculture="en-GB" os-architecture="x64" />
    <settings>
      <setting name="WorkDirectory" value="C:\_github\JustSaying" />
      <setting name="NumberOfTestWorkers" value="8" />
    </settings>
    <properties>
      <property name="_PID" value="20440" />
      <property name="_APPDOMAIN" value="JustSaying.AwsTools.UnitTests.exe" />
    </properties>
    <reason>
      <message><![CDATA[One or more child tests were ignored]]></message>
    </reason>
    <test-suite type="TestSuite" id="1089" name="JustSaying" fullname="JustSaying" runstate="Runnable" testcasecount="65" result="Skipped" label="Ignored" start-time="2017-03-27 09:04:32Z" end-time="2017-03-27 09:04:36Z" duration="4.149296" total="65" passed="64" failed="0" warnings="0" inconclusive="0" skipped="1" asserts="40">
      <reason>
        <message><![CDATA[One or more child tests were ignored]]></message>
      </reason>
      <test-suite type="TestSuite" id="1090" name="AwsTools" fullname="JustSaying.AwsTools" runstate="Runnable" testcasecount="65" result="Skipped" label="Ignored" start-time="2017-03-27 09:04:32Z" end-time="2017-03-27 09:04:36Z" duration="4.145352" total="65" passed="64" failed="0" warnings="0" inconclusive="0" skipped="1" asserts="40">
        <reason>
          <message><![CDATA[One or more child tests were ignored]]></message>
        </reason>
        <test-suite type="TestSuite" id="1091" name="UnitTests" fullname="JustSaying.AwsTools.UnitTests" runstate="Runnable" testcasecount="65" result="Skipped" label="Ignored" start-time="2017-03-27 09:04:32Z" end-time="2017-03-27 09:04:36Z" duration="4.141294" total="65" passed="64" failed="0" warnings="0" inconclusive="0" skipped="1" asserts="40">
          <reason>
            <message><![CDATA[One or more child tests were ignored]]></message>
          </reason>
          <test-suite type="TestSuite" id="1095" name="MessageHandling" fullname="JustSaying.AwsTools.UnitTests.MessageHandling" runstate="Runnable" testcasecount="63" result="Skipped" label="Ignored" start-time="2017-03-27 09:04:32Z" end-time="2017-03-27 09:04:36Z" duration="3.893268" total="63" passed="62" failed="0" warnings="0" inconclusive="0" skipped="1" asserts="37">
            <reason>
              <message><![CDATA[One or more child tests were ignored]]></message>
            </reason>
            <test-suite type="TestFixture" id="1004" name="ExactlyOnceReaderTests" fullname="JustSaying.AwsTools.UnitTests.MessageHandling.ExactlyOnceReaderTests" classname="JustSaying.AwsTools.UnitTests.MessageHandling.ExactlyOnceReaderTests" runstate="Runnable" testcasecount="3" result="Passed" start-time="2017-03-27 09:04:32Z" end-time="2017-03-27 09:04:32Z" duration="0.032415" total="3" passed="3" failed="0" warnings="0" inconclusive="0" skipped="0" asserts="3">
              <test-case id="1005" name="ObjectTypeDoesNotHaveExactlyOnce" fullname="JustSaying.AwsTools.UnitTests.MessageHandling.ExactlyOnceReaderTests.ObjectTypeDoesNotHaveExactlyOnce" methodname="ObjectTypeDoesNotHaveExactlyOnce" classname="JustSaying.AwsTools.UnitTests.MessageHandling.ExactlyOnceReaderTests" runstate="Runnable" seed="2030010634" result="Passed" start-time="2017-03-27 09:04:32Z" end-time="2017-03-27 09:04:32Z" duration="0.009856" asserts="1" />
              <test-case id="1007" name="OnceTestHandlerAsyncType_HasExactlyOnce" fullname="JustSaying.AwsTools.UnitTests.MessageHandling.ExactlyOnceReaderTests.OnceTestHandlerAsyncType_HasExactlyOnce" methodname="OnceTestHandlerAsyncType_HasExactlyOnce" classname="JustSaying.AwsTools.UnitTests.MessageHandling.ExactlyOnceReaderTests" runstate="Runnable" seed="848188057" result="Passed" start-time="2017-03-27 09:04:32Z" end-time="2017-03-27 09:04:32Z" duration="0.001085" asserts="1" />
              <test-case id="1006" name="UnadornedHandlerType_DoesNotHaveExactlyOnce" fullname="JustSaying.AwsTools.UnitTests.MessageHandling.ExactlyOnceReaderTests.UnadornedHandlerType_DoesNotHaveExactlyOnce" methodname="UnadornedHandlerType_DoesNotHaveExactlyOnce" classname="JustSaying.AwsTools.UnitTests.MessageHandling.ExactlyOnceReaderTests" runstate="Runnable" seed="868112674" result="Passed" start-time="2017-03-27 09:04:32Z" end-time="2017-03-27 09:04:32Z" duration="0.000410" asserts="1" />
            </test-suite>
            <test-suite type="TestFixture" id="1008" name="HandlerMapTests" fullname="JustSaying.AwsTools.UnitTests.MessageHandling.HandlerMapTests" classname="JustSaying.AwsTools.UnitTests.MessageHandling.HandlerMapTests" runstate="Runnable" testcasecount="8" result="Passed" start-time="2017-03-27 09:04:32Z" end-time="2017-03-27 09:04:32Z" duration="0.066468" total="8" passed="8" failed="0" warnings="0" inconclusive="0" skipped="0" asserts="12">
              <test-case id="1014" name="CorrectHandlerIsReturnedForType" fullname="JustSaying.AwsTools.UnitTests.MessageHandling.HandlerMapTests.CorrectHandlerIsReturnedForType" methodname="CorrectHandlerIsReturnedForType" classname="JustSaying.AwsTools.UnitTests.MessageHandling.HandlerMapTests" runstate="Runnable" seed="183089049" result="Passed" start-time="2017-03-27 09:04:32Z" end-time="2017-03-27 09:04:32Z" duration="0.016098" asserts="4" />
              <test-case id="1009" name="EmptyMapDoesNotContainKey" fullname="JustSaying.AwsTools.UnitTests.MessageHandling.HandlerMapTests.EmptyMapDoesNotContainKey" methodname="EmptyMapDoesNotContainKey" classname="JustSaying.AwsTools.UnitTests.MessageHandling.HandlerMapTests" runstate="Runnable" seed="1012092595" result="Passed" start-time="2017-03-27 09:04:32Z" end-time="2017-03-27 09:04:32Z" duration="0.000480" asserts="1" />
              <test-case id="1010" name="EmptyMapReturnsNullHandlers" fullname="JustSaying.AwsTools.UnitTests.MessageHandling.HandlerMapTests.EmptyMapReturnsNullHandlers" methodname="EmptyMapReturnsNullHandlers" classname="JustSaying.AwsTools.UnitTests.MessageHandling.HandlerMapTests" runstate="Runnable" seed="2099619331" result="Passed" start-time="2017-03-27 09:04:32Z" end-time="2017-03-27 09:04:32Z" duration="0.000798" asserts="1" />
              <test-case id="1012" name="HandlerContainsKeyForMatchingTypeOnly" fullname="JustSaying.AwsTools.UnitTests.MessageHandling.HandlerMapTests.HandlerContainsKeyForMatchingTypeOnly" methodname="HandlerContainsKeyForMatchingTypeOnly" classname="JustSaying.AwsTools.UnitTests.MessageHandling.HandlerMapTests" runstate="Runnable" seed="298726888" result="Passed" start-time="2017-03-27 09:04:32Z" end-time="2017-03-27 09:04:32Z" duration="0.000919" asserts="2" />
              <test-case id="1013" name="HandlerIsNotReturnedForNonMatchingType" fullname="JustSaying.AwsTools.UnitTests.MessageHandling.HandlerMapTests.HandlerIsNotReturnedForNonMatchingType" methodname="HandlerIsNotReturnedForNonMatchingType" classname="JustSaying.AwsTools.UnitTests.MessageHandling.HandlerMapTests" runstate="Runnable" seed="750615396" result="Passed" start-time="2017-03-27 09:04:32Z" end-time="2017-03-27 09:04:32Z" duration="0.000785" asserts="1" />
              <test-case id="1011" name="HandlerIsReturnedForMatchingType" fullname="JustSaying.AwsTools.UnitTests.MessageHandling.HandlerMapTests.HandlerIsReturnedForMatchingType" methodname="HandlerIsReturnedForMatchingType" classname="JustSaying.AwsTools.UnitTests.MessageHandling.HandlerMapTests" runstate="Runnable" seed="1842564690" result="Passed" start-time="2017-03-27 09:04:32Z" end-time="2017-03-27 09:04:32Z" duration="0.000818" asserts="1" />
              <test-case id="1015" name="MultipleHandlersForATypeAreNotSupported" fullname="JustSaying.AwsTools.UnitTests.MessageHandling.HandlerMapTests.MultipleHandlersForATypeAreNotSupported" methodname="MultipleHandlersForATypeAreNotSupported" classname="JustSaying.AwsTools.UnitTests.MessageHandling.HandlerMapTests" runstate="Runnable" seed="1577315067" result="Passed" start-time="2017-03-27 09:04:32Z" end-time="2017-03-27 09:04:32Z" duration="0.018185" asserts="1" />
              <test-case id="1016" name="MultipleHandlersForATypeWithOtherHandlersAreNotSupported" fullname="JustSaying.AwsTools.UnitTests.MessageHandling.HandlerMapTests.MultipleHandlersForATypeWithOtherHandlersAreNotSupported" methodname="MultipleHandlersForATypeWithOtherHandlersAreNotSupported" classname="JustSaying.AwsTools.UnitTests.MessageHandling.HandlerMapTests" runstate="Runnable" seed="1487522952" result="Passed" start-time="2017-03-27 09:04:32Z" end-time="2017-03-27 09:04:32Z" duration="0.001896" asserts="1" />
            </test-suite>
            <test-suite type="TestFixture" id="1017" name="HandlerMetadataTests" fullname="JustSaying.AwsTools.UnitTests.MessageHandling.HandlerMetadataTests" classname="JustSaying.AwsTools.UnitTests.MessageHandling.HandlerMetadataTests" runstate="Runnable" testcasecount="7" result="Skipped" label="Ignored" start-time="2017-03-27 09:04:32Z" end-time="2017-03-27 09:04:32Z" duration="0.032033" total="7" passed="6" failed="0" warnings="0" inconclusive="0" skipped="1" asserts="6">
              <reason>
                <message><![CDATA[One or more child tests were ignored]]></message>
              </reason>
              <test-case id="1021" name="OnceHandlerWithImplicitTimeoutAsync_DefaultsToMaximum" fullname="JustSaying.AwsTools.UnitTests.MessageHandling.HandlerMetadataTests.OnceHandlerWithImplicitTimeoutAsync_DefaultsToMaximum" methodname="OnceHandlerWithImplicitTimeoutAsync_DefaultsToMaximum" classname="JustSaying.AwsTools.UnitTests.MessageHandling.HandlerMetadataTests" runstate="Ignored" seed="364128254" result="Skipped" label="Ignored" start-time="2017-03-27 09:04:32Z" end-time="2017-03-27 09:04:32Z" duration="0.000952" asserts="0">
                <properties>
                  <property name="_SKIPREASON" value="reverted" />
                </properties>
                <reason>
                  <message><![CDATA[reverted]]></message>
                </reason>
              </test-case>
              <test-case id="1022" name="OnceTestHandler_DoesHaveExactlyOnce" fullname="JustSaying.AwsTools.UnitTests.MessageHandling.HandlerMetadataTests.OnceTestHandler_DoesHaveExactlyOnce" methodname="OnceTestHandler_DoesHaveExactlyOnce" classname="JustSaying.AwsTools.UnitTests.MessageHandling.HandlerMetadataTests" runstate="Runnable" seed="1003247154" result="Passed" start-time="2017-03-27 09:04:32Z" end-time="2017-03-27 09:04:32Z" duration="0.000493" asserts="1" />
              <test-case id="1023" name="OnceTestHandler_HasCorrectTimeout" fullname="JustSaying.AwsTools.UnitTests.MessageHandling.HandlerMetadataTests.OnceTestHandler_HasCorrectTimeout" methodname="OnceTestHandler_HasCorrectTimeout" classname="JustSaying.AwsTools.UnitTests.MessageHandling.HandlerMetadataTests" runstate="Runnable" seed="1829270434" result="Passed" start-time="2017-03-27 09:04:32Z" end-time="2017-03-27 09:04:32Z" duration="0.004595" asserts="1" />
              <test-case id="1019" name="OnceTestHandlerAsync_DoesHaveExactlyOnce" fullname="JustSaying.AwsTools.UnitTests.MessageHandling.HandlerMetadataTests.OnceTestHandlerAsync_DoesHaveExactlyOnce" methodname="OnceTestHandlerAsync_DoesHaveExactlyOnce" classname="JustSaying.AwsTools.UnitTests.MessageHandling.HandlerMetadataTests" runstate="Runnable" seed="1369851497" result="Passed" start-time="2017-03-27 09:04:32Z" end-time="2017-03-27 09:04:32Z" duration="0.001160" asserts="1" />
              <test-case id="1020" name="OnceTestHandlerAsync_HasCorrectTimeout" fullname="JustSaying.AwsTools.UnitTests.MessageHandling.HandlerMetadataTests.OnceTestHandlerAsync_HasCorrectTimeout" methodname="OnceTestHandlerAsync_HasCorrectTimeout" classname="JustSaying.AwsTools.UnitTests.MessageHandling.HandlerMetadataTests" runstate="Runnable" seed="1758067136" result="Passed" start-time="2017-03-27 09:04:32Z" end-time="2017-03-27 09:04:32Z" duration="0.000412" asserts="1" />
              <test-case id="1018" name="UnadornedHandler_DoesNotHaveExactlyOnce" fullname="JustSaying.AwsTools.UnitTests.MessageHandling.HandlerMetadataTests.UnadornedHandler_DoesNotHaveExactlyOnce" methodname="UnadornedHandler_DoesNotHaveExactlyOnce" classname="JustSaying.AwsTools.UnitTests.MessageHandling.HandlerMetadataTests" runstate="Runnable" seed="1054808543" result="Passed" start-time="2017-03-27 09:04:32Z" end-time="2017-03-27 09:04:32Z" duration="0.000382" asserts="1" />
              <test-case id="1024" name="WrappedHandler_DoesHaveExactlyOnce" fullname="JustSaying.AwsTools.UnitTests.MessageHandling.HandlerMetadataTests.WrappedHandler_DoesHaveExactlyOnce" methodname="WrappedHandler_DoesHaveExactlyOnce" classname="JustSaying.AwsTools.UnitTests.MessageHandling.HandlerMetadataTests" runstate="Runnable" seed="1077139026" result="Passed" start-time="2017-03-27 09:04:32Z" end-time="2017-03-27 09:04:32Z" duration="0.000607" asserts="1" />
            </test-suite>
            <test-suite type="TestFixture" id="1025" name="MessageHandlerWrapperTests" fullname="JustSaying.AwsTools.UnitTests.MessageHandling.MessageHandlerWrapperTests" classname="JustSaying.AwsTools.UnitTests.MessageHandling.MessageHandlerWrapperTests" runstate="Runnable" testcasecount="3" result="Passed" start-time="2017-03-27 09:04:32Z" end-time="2017-03-27 09:04:33Z" duration="0.272572" total="3" passed="3" failed="0" warnings="0" inconclusive="0" skipped="0" asserts="2">
              <test-case id="1028" name="ReturnedFunctionCallsInner" fullname="JustSaying.AwsTools.UnitTests.MessageHandling.MessageHandlerWrapperTests.ReturnedFunctionCallsInner" methodname="ReturnedFunctionCallsInner" classname="JustSaying.AwsTools.UnitTests.MessageHandling.MessageHandlerWrapperTests" runstate="Runnable" seed="138803863" result="Passed" start-time="2017-03-27 09:04:32Z" end-time="2017-03-27 09:04:33Z" duration="0.253889" asserts="0" />
              <test-case id="1027" name="ReturnedFunctionIsCallable" fullname="JustSaying.AwsTools.UnitTests.MessageHandling.MessageHandlerWrapperTests.ReturnedFunctionIsCallable" methodname="ReturnedFunctionIsCallable" classname="JustSaying.AwsTools.UnitTests.MessageHandling.MessageHandlerWrapperTests" runstate="Runnable" seed="1259993127" result="Passed" start-time="2017-03-27 09:04:33Z" end-time="2017-03-27 09:04:33Z" duration="0.006155" asserts="1" />
              <test-case id="1026" name="WrapperReturnsAFunction" fullname="JustSaying.AwsTools.UnitTests.MessageHandling.MessageHandlerWrapperTests.WrapperReturnsAFunction" methodname="WrapperReturnsAFunction" classname="JustSaying.AwsTools.UnitTests.MessageHandling.MessageHandlerWrapperTests" runstate="Runnable" seed="1835805193" result="Passed" start-time="2017-03-27 09:04:33Z" end-time="2017-03-27 09:04:33Z" duration="0.001272" asserts="1" />
            </test-suite>
            <test-suite type="TestSuite" id="1098" name="Sns" fullname="JustSaying.AwsTools.UnitTests.MessageHandling.Sns" runstate="Runnable" testcasecount="3" result="Passed" start-time="2017-03-27 09:04:32Z" end-time="2017-03-27 09:04:33Z" duration="0.797923" total="3" passed="3" failed="0" warnings="0" inconclusive="0" skipped="0" asserts="0">
              <test-suite type="TestSuite" id="1099" name="TopicByName" fullname="JustSaying.AwsTools.UnitTests.MessageHandling.Sns.TopicByName" runstate="Runnable" testcasecount="3" result="Passed" start-time="2017-03-27 09:04:32Z" end-time="2017-03-27 09:04:33Z" duration="0.793926" total="3" passed="3" failed="0" warnings="0" inconclusive="0" skipped="0" asserts="0">
                <test-suite type="TestFixture" id="1084" name="WhenPublishing" fullname="JustSaying.AwsTools.UnitTests.MessageHandling.Sns.TopicByName.WhenPublishing" classname="JustSaying.AwsTools.UnitTests.MessageHandling.Sns.TopicByName.WhenPublishing" runstate="Runnable" testcasecount="3" result="Passed" start-time="2017-03-27 09:04:33Z" end-time="2017-03-27 09:04:33Z" duration="0.361903" total="3" passed="3" failed="0" warnings="0" inconclusive="0" skipped="0" asserts="0">
                  <test-case id="1087" name="MessageIsPublishedToCorrectLocation" fullname="JustSaying.AwsTools.UnitTests.MessageHandling.Sns.TopicByName.WhenPublishing.MessageIsPublishedToCorrectLocation" methodname="MessageIsPublishedToCorrectLocation" classname="JustSaying.AwsTools.UnitTests.MessageHandling.Sns.TopicByName.WhenPublishing" runstate="Runnable" seed="429565668" result="Passed" start-time="2017-03-27 09:04:33Z" end-time="2017-03-27 09:04:33Z" duration="0.004467" asserts="0" />
                  <test-case id="1085" name="MessageIsPublishedToSnsTopic" fullname="JustSaying.AwsTools.UnitTests.MessageHandling.Sns.TopicByName.WhenPublishing.MessageIsPublishedToSnsTopic" methodname="MessageIsPublishedToSnsTopic" classname="JustSaying.AwsTools.UnitTests.MessageHandling.Sns.TopicByName.WhenPublishing" runstate="Runnable" seed="779760459" result="Passed" start-time="2017-03-27 09:04:33Z" end-time="2017-03-27 09:04:33Z" duration="0.001185" asserts="0" />
                  <test-case id="1086" name="MessageSubjectIsObjectType" fullname="JustSaying.AwsTools.UnitTests.MessageHandling.Sns.TopicByName.WhenPublishing.MessageSubjectIsObjectType" methodname="MessageSubjectIsObjectType" classname="JustSaying.AwsTools.UnitTests.MessageHandling.Sns.TopicByName.WhenPublishing" runstate="Runnable" seed="517818033" result="Passed" start-time="2017-03-27 09:04:33Z" end-time="2017-03-27 09:04:33Z" duration="0.001150" asserts="0" />
                </test-suite>
              </test-suite>
            </test-suite>
            <test-suite type="TestSuite" id="1096" name="Sqs" fullname="JustSaying.AwsTools.UnitTests.MessageHandling.Sqs" runstate="Runnable" testcasecount="6" result="Passed" start-time="2017-03-27 09:04:32Z" end-time="2017-03-27 09:04:33Z" duration="0.946450" total="6" passed="6" failed="0" warnings="0" inconclusive="0" skipped="0" asserts="3">
              <test-suite type="TestFixture" id="1029" name="WhenFetchingQueueByName" fullname="JustSaying.AwsTools.UnitTests.MessageHandling.Sqs.WhenFetchingQueueByName" classname="JustSaying.AwsTools.UnitTests.MessageHandling.Sqs.WhenFetchingQueueByName" runstate="Runnable" testcasecount="3" result="Passed" start-time="2017-03-27 09:04:33Z" end-time="2017-03-27 09:04:33Z" duration="0.097075" total="3" passed="3" failed="0" warnings="0" inconclusive="0" skipped="0" asserts="3">
                <test-case id="1032" name="CorrectQueueNameShouldMatch" fullname="JustSaying.AwsTools.UnitTests.MessageHandling.Sqs.WhenFetchingQueueByName.CorrectQueueNameShouldMatch" methodname="CorrectQueueNameShouldMatch" classname="JustSaying.AwsTools.UnitTests.MessageHandling.Sqs.WhenFetchingQueueByName" runstate="Runnable" seed="1834561347" result="Passed" start-time="2017-03-27 09:04:33Z" end-time="2017-03-27 09:04:33Z" duration="0.083300" asserts="1" />
                <test-case id="1031" name="IncorrectPartialQueueNameDoNotMatch" fullname="JustSaying.AwsTools.UnitTests.MessageHandling.Sqs.WhenFetchingQueueByName.IncorrectPartialQueueNameDoNotMatch" methodname="IncorrectPartialQueueNameDoNotMatch" classname="JustSaying.AwsTools.UnitTests.MessageHandling.Sqs.WhenFetchingQueueByName" runstate="Runnable" seed="54533221" result="Passed" start-time="2017-03-27 09:04:33Z" end-time="2017-03-27 09:04:33Z" duration="0.000939" asserts="1" />
                <test-case id="1030" name="IncorrectQueueNameDoNotMatch" fullname="JustSaying.AwsTools.UnitTests.MessageHandling.Sqs.WhenFetchingQueueByName.IncorrectQueueNameDoNotMatch" methodname="IncorrectQueueNameDoNotMatch" classname="JustSaying.AwsTools.UnitTests.MessageHandling.Sqs.WhenFetchingQueueByName" runstate="Runnable" seed="1151690872" result="Passed" start-time="2017-03-27 09:04:33Z" end-time="2017-03-27 09:04:33Z" duration="0.001359" asserts="1" />
              </test-suite>
              <test-suite type="TestFixture" id="1033" name="WhenPublishing" fullname="JustSaying.AwsTools.UnitTests.MessageHandling.Sqs.WhenPublishing" classname="JustSaying.AwsTools.UnitTests.MessageHandling.Sqs.WhenPublishing" runstate="Runnable" testcasecount="2" result="Passed" start-time="2017-03-27 09:04:33Z" end-time="2017-03-27 09:04:33Z" duration="0.032111" total="2" passed="2" failed="0" warnings="0" inconclusive="0" skipped="0" asserts="0">
                <test-case id="1035" name="MessageIsPublishedToCorrectLocation" fullname="JustSaying.AwsTools.UnitTests.MessageHandling.Sqs.WhenPublishing.MessageIsPublishedToCorrectLocation" methodname="MessageIsPublishedToCorrectLocation" classname="JustSaying.AwsTools.UnitTests.MessageHandling.Sqs.WhenPublishing" runstate="Runnable" seed="621606776" result="Passed" start-time="2017-03-27 09:04:33Z" end-time="2017-03-27 09:04:33Z" duration="0.001685" asserts="0" />
                <test-case id="1034" name="MessageIsPublishedToQueue" fullname="JustSaying.AwsTools.UnitTests.MessageHandling.Sqs.WhenPublishing.MessageIsPublishedToQueue" methodname="MessageIsPublishedToQueue" classname="JustSaying.AwsTools.UnitTests.MessageHandling.Sqs.WhenPublishing" runstate="Runnable" seed="1893528601" result="Passed" start-time="2017-03-27 09:04:33Z" end-time="2017-03-27 09:04:33Z" duration="0.001114" asserts="0" />
              </test-suite>
              <test-suite type="TestFixture" id="1036" name="WhenPublishingDelayedMessage" fullname="JustSaying.AwsTools.UnitTests.MessageHandling.Sqs.WhenPublishingDelayedMessage" classname="JustSaying.AwsTools.UnitTests.MessageHandling.Sqs.WhenPublishingDelayedMessage" runstate="Runnable" testcasecount="1" result="Passed" start-time="2017-03-27 09:04:33Z" end-time="2017-03-27 09:04:33Z" duration="0.010067" total="1" passed="1" failed="0" warnings="0" inconclusive="0" skipped="0" asserts="0">
                <test-case id="1037" name="MessageIsPublishedWithDelaySecondsPropertySet" fullname="JustSaying.AwsTools.UnitTests.MessageHandling.Sqs.WhenPublishingDelayedMessage.MessageIsPublishedWithDelaySecondsPropertySet" methodname="MessageIsPublishedWithDelaySecondsPropertySet" classname="JustSaying.AwsTools.UnitTests.MessageHandling.Sqs.WhenPublishingDelayedMessage" runstate="Runnable" seed="868703036" result="Passed" start-time="2017-03-27 09:04:33Z" end-time="2017-03-27 09:04:33Z" duration="0.001007" asserts="0" />
              </test-suite>
            </test-suite>
            <test-suite type="TestSuite" id="1097" name="SqsNotificationListener" fullname="JustSaying.AwsTools.UnitTests.MessageHandling.SqsNotificationListener" runstate="Runnable" testcasecount="33" result="Passed" start-time="2017-03-27 09:04:32Z" end-time="2017-03-27 09:04:36Z" duration="3.880929" total="33" passed="33" failed="0" warnings="0" inconclusive="0" skipped="0" asserts="11">
              <test-suite type="TestFixture" id="1038" name="WhenAttemptingToInterrogateASubscriber" fullname="JustSaying.AwsTools.UnitTests.MessageHandling.SqsNotificationListener.WhenAttemptingToInterrogateASubscriber" classname="JustSaying.AwsTools.UnitTests.MessageHandling.SqsNotificationListener.WhenAttemptingToInterrogateASubscriber" runstate="Runnable" testcasecount="1" result="Passed" start-time="2017-03-27 09:04:33Z" end-time="2017-03-27 09:04:34Z" duration="0.309031" total="1" passed="1" failed="0" warnings="0" inconclusive="0" skipped="0" asserts="1">
                <test-case id="1039" name="SubscriptedMessagesAreAddedToTheInterrogationDetails" fullname="JustSaying.AwsTools.UnitTests.MessageHandling.SqsNotificationListener.WhenAttemptingToInterrogateASubscriber.SubscriptedMessagesAreAddedToTheInterrogationDetails" methodname="SubscriptedMessagesAreAddedToTheInterrogationDetails" classname="JustSaying.AwsTools.UnitTests.MessageHandling.SqsNotificationListener.WhenAttemptingToInterrogateASubscriber" runstate="Runnable" seed="1955762101" result="Passed" start-time="2017-03-27 09:04:34Z" end-time="2017-03-27 09:04:34Z" duration="0.016563" asserts="0" />
              </test-suite>
              <test-suite type="TestFixture" id="1040" name="WhenExactlyOnceIsAppliedToHandler" fullname="JustSaying.AwsTools.UnitTests.MessageHandling.SqsNotificationListener.WhenExactlyOnceIsAppliedToHandler" classname="JustSaying.AwsTools.UnitTests.MessageHandling.SqsNotificationListener.WhenExactlyOnceIsAppliedToHandler" runstate="Runnable" testcasecount="2" result="Passed" start-time="2017-03-27 09:04:34Z" end-time="2017-03-27 09:04:34Z" duration="0.223332" total="2" passed="2" failed="0" warnings="0" inconclusive="0" skipped="0" asserts="1">
                <test-case id="1042" name="MessageIsLocked" fullname="JustSaying.AwsTools.UnitTests.MessageHandling.SqsNotificationListener.WhenExactlyOnceIsAppliedToHandler.MessageIsLocked" methodname="MessageIsLocked" classname="JustSaying.AwsTools.UnitTests.MessageHandling.SqsNotificationListener.WhenExactlyOnceIsAppliedToHandler" runstate="Runnable" seed="802460529" result="Passed" start-time="2017-03-27 09:04:34Z" end-time="2017-03-27 09:04:34Z" duration="0.002102" asserts="0" />
                <test-case id="1041" name="ProcessingIsPassedToTheHandler" fullname="JustSaying.AwsTools.UnitTests.MessageHandling.SqsNotificationListener.WhenExactlyOnceIsAppliedToHandler.ProcessingIsPassedToTheHandler" methodname="ProcessingIsPassedToTheHandler" classname="JustSaying.AwsTools.UnitTests.MessageHandling.SqsNotificationListener.WhenExactlyOnceIsAppliedToHandler" runstate="Runnable" seed="1094659963" result="Passed" start-time="2017-03-27 09:04:34Z" end-time="2017-03-27 09:04:34Z" duration="0.000357" asserts="1" />
              </test-suite>
              <test-suite type="TestFixture" id="1043" name="WhenExactlyOnceIsAppliedWithoutSpecificTimeout" fullname="JustSaying.AwsTools.UnitTests.MessageHandling.SqsNotificationListener.WhenExactlyOnceIsAppliedWithoutSpecificTimeout" classname="JustSaying.AwsTools.UnitTests.MessageHandling.SqsNotificationListener.WhenExactlyOnceIsAppliedWithoutSpecificTimeout" runstate="Runnable" testcasecount="2" result="Passed" start-time="2017-03-27 09:04:34Z" end-time="2017-03-27 09:04:34Z" duration="0.215083" total="2" passed="2" failed="0" warnings="0" inconclusive="0" skipped="0" asserts="1">
                <test-case id="1044" name="MessageIsLocked" fullname="JustSaying.AwsTools.UnitTests.MessageHandling.SqsNotificationListener.WhenExactlyOnceIsAppliedWithoutSpecificTimeout.MessageIsLocked" methodname="MessageIsLocked" classname="JustSaying.AwsTools.UnitTests.MessageHandling.SqsNotificationListener.WhenExactlyOnceIsAppliedWithoutSpecificTimeout" runstate="Runnable" seed="1883962489" result="Passed" start-time="2017-03-27 09:04:34Z" end-time="2017-03-27 09:04:34Z" duration="0.001422" asserts="0" />
                <test-case id="1045" name="ProcessingIsPassedToTheHandler" fullname="JustSaying.AwsTools.UnitTests.MessageHandling.SqsNotificationListener.WhenExactlyOnceIsAppliedWithoutSpecificTimeout.ProcessingIsPassedToTheHandler" methodname="ProcessingIsPassedToTheHandler" classname="JustSaying.AwsTools.UnitTests.MessageHandling.SqsNotificationListener.WhenExactlyOnceIsAppliedWithoutSpecificTimeout" runstate="Runnable" seed="1351529395" result="Passed" start-time="2017-03-27 09:04:34Z" end-time="2017-03-27 09:04:34Z" duration="0.000369" asserts="1" />
              </test-suite>
              <test-suite type="TestFixture" id="1046" name="WhenListeningStartsAndStops" fullname="JustSaying.AwsTools.UnitTests.MessageHandling.SqsNotificationListener.WhenListeningStartsAndStops" classname="JustSaying.AwsTools.UnitTests.MessageHandling.SqsNotificationListener.WhenListeningStartsAndStops" runstate="Runnable" testcasecount="4" result="Passed" start-time="2017-03-27 09:04:34Z" end-time="2017-03-27 09:04:34Z" duration="0.235190" total="4" passed="4" failed="0" warnings="0" inconclusive="0" skipped="0" asserts="1">
                <test-case id="1048" name="CorrectQueueIsPolled" fullname="JustSaying.AwsTools.UnitTests.MessageHandling.SqsNotificationListener.WhenListeningStartsAndStops.CorrectQueueIsPolled" methodname="CorrectQueueIsPolled" classname="JustSaying.AwsTools.UnitTests.MessageHandling.SqsNotificationListener.WhenListeningStartsAndStops" runstate="Runnable" seed="520173603" result="Passed" start-time="2017-03-27 09:04:34Z" end-time="2017-03-27 09:04:34Z" duration="0.006707" asserts="0" />
                <test-case id="1050" name="MessageIsProcessed" fullname="JustSaying.AwsTools.UnitTests.MessageHandling.SqsNotificationListener.WhenListeningStartsAndStops.MessageIsProcessed" methodname="MessageIsProcessed" classname="JustSaying.AwsTools.UnitTests.MessageHandling.SqsNotificationListener.WhenListeningStartsAndStops" runstate="Runnable" seed="1521163585" result="Passed" start-time="2017-03-27 09:04:34Z" end-time="2017-03-27 09:04:34Z" duration="0.000499" asserts="0" />
                <test-case id="1047" name="MessagesAreReceived" fullname="JustSaying.AwsTools.UnitTests.MessageHandling.SqsNotificationListener.WhenListeningStartsAndStops.MessagesAreReceived" methodname="MessagesAreReceived" classname="JustSaying.AwsTools.UnitTests.MessageHandling.SqsNotificationListener.WhenListeningStartsAndStops" runstate="Runnable" seed="798271902" result="Passed" start-time="2017-03-27 09:04:34Z" end-time="2017-03-27 09:04:34Z" duration="0.002677" asserts="0" />
                <test-case id="1049" name="TheMaxMessageAllowanceIsGrabbed" fullname="JustSaying.AwsTools.UnitTests.MessageHandling.SqsNotificationListener.WhenListeningStartsAndStops.TheMaxMessageAllowanceIsGrabbed" methodname="TheMaxMessageAllowanceIsGrabbed" classname="JustSaying.AwsTools.UnitTests.MessageHandling.SqsNotificationListener.WhenListeningStartsAndStops" runstate="Runnable" seed="62355516" result="Passed" start-time="2017-03-27 09:04:34Z" end-time="2017-03-27 09:04:34Z" duration="0.004272" asserts="0" />
              </test-suite>
              <test-suite type="TestFixture" id="1051" name="WhenMessageHandlingFails" fullname="JustSaying.AwsTools.UnitTests.MessageHandling.SqsNotificationListener.WhenMessageHandlingFails" classname="JustSaying.AwsTools.UnitTests.MessageHandling.SqsNotificationListener.WhenMessageHandlingFails" runstate="Runnable" testcasecount="3" result="Passed" start-time="2017-03-27 09:04:34Z" end-time="2017-03-27 09:04:35Z" duration="0.251148" total="3" passed="3" failed="0" warnings="0" inconclusive="0" skipped="0" asserts="1">
                <test-case id="1054" name="ExceptionIsNotLoggedToMonitor" fullname="JustSaying.AwsTools.UnitTests.MessageHandling.SqsNotificationListener.WhenMessageHandlingFails.ExceptionIsNotLoggedToMonitor" methodname="ExceptionIsNotLoggedToMonitor" classname="JustSaying.AwsTools.UnitTests.MessageHandling.SqsNotificationListener.WhenMessageHandlingFails" runstate="Runnable" seed="1655414445" result="Passed" start-time="2017-03-27 09:04:34Z" end-time="2017-03-27 09:04:35Z" duration="0.003605" asserts="0" />
                <test-case id="1053" name="FailedMessageIsNotRemovedFromQueue" fullname="JustSaying.AwsTools.UnitTests.MessageHandling.SqsNotificationListener.WhenMessageHandlingFails.FailedMessageIsNotRemovedFromQueue" methodname="FailedMessageIsNotRemovedFromQueue" classname="JustSaying.AwsTools.UnitTests.MessageHandling.SqsNotificationListener.WhenMessageHandlingFails" runstate="Runnable" seed="499888440" result="Passed" start-time="2017-03-27 09:04:35Z" end-time="2017-03-27 09:04:35Z" duration="0.005186" asserts="0" />
                <test-case id="1052" name="MessageHandlerWasCalled" fullname="JustSaying.AwsTools.UnitTests.MessageHandling.SqsNotificationListener.WhenMessageHandlingFails.MessageHandlerWasCalled" methodname="MessageHandlerWasCalled" classname="JustSaying.AwsTools.UnitTests.MessageHandling.SqsNotificationListener.WhenMessageHandlingFails" runstate="Runnable" seed="1034818063" result="Passed" start-time="2017-03-27 09:04:35Z" end-time="2017-03-27 09:04:35Z" duration="0.001485" asserts="0" />
              </test-suite>
              <test-suite type="TestFixture" id="1055" name="WhenMessageHandlingSucceeds" fullname="JustSaying.AwsTools.UnitTests.MessageHandling.SqsNotificationListener.WhenMessageHandlingSucceeds" classname="JustSaying.AwsTools.UnitTests.MessageHandling.SqsNotificationListener.WhenMessageHandlingSucceeds" runstate="Runnable" testcasecount="5" result="Passed" start-time="2017-03-27 09:04:35Z" end-time="2017-03-27 09:04:35Z" duration="0.250010" total="5" passed="5" failed="0" warnings="0" inconclusive="0" skipped="0" asserts="1">
                <test-case id="1058" name="AllMessagesAreClearedFromQueue" fullname="JustSaying.AwsTools.UnitTests.MessageHandling.SqsNotificationListener.WhenMessageHandlingSucceeds.AllMessagesAreClearedFromQueue" methodname="AllMessagesAreClearedFromQueue" classname="JustSaying.AwsTools.UnitTests.MessageHandling.SqsNotificationListener.WhenMessageHandlingSucceeds" runstate="Runnable" seed="1168342604" result="Passed" start-time="2017-03-27 09:04:35Z" end-time="2017-03-27 09:04:35Z" duration="0.014068" asserts="0" />
                <test-case id="1060" name="ExceptionIsNotLoggedToMonitor" fullname="JustSaying.AwsTools.UnitTests.MessageHandling.SqsNotificationListener.WhenMessageHandlingSucceeds.ExceptionIsNotLoggedToMonitor" methodname="ExceptionIsNotLoggedToMonitor" classname="JustSaying.AwsTools.UnitTests.MessageHandling.SqsNotificationListener.WhenMessageHandlingSucceeds" runstate="Runnable" seed="1922394450" result="Passed" start-time="2017-03-27 09:04:35Z" end-time="2017-03-27 09:04:35Z" duration="0.001652" asserts="0" />
                <test-case id="1056" name="MessagesGetDeserialisedByCorrectHandler" fullname="JustSaying.AwsTools.UnitTests.MessageHandling.SqsNotificationListener.WhenMessageHandlingSucceeds.MessagesGetDeserialisedByCorrectHandler" methodname="MessagesGetDeserialisedByCorrectHandler" classname="JustSaying.AwsTools.UnitTests.MessageHandling.SqsNotificationListener.WhenMessageHandlingSucceeds" runstate="Runnable" seed="1952342361" result="Passed" start-time="2017-03-27 09:04:35Z" end-time="2017-03-27 09:04:35Z" duration="0.000375" asserts="0" />
                <test-case id="1057" name="ProcessingIsPassedToTheHandlerForCorrectMessage" fullname="JustSaying.AwsTools.UnitTests.MessageHandling.SqsNotificationListener.WhenMessageHandlingSucceeds.ProcessingIsPassedToTheHandlerForCorrectMessage" methodname="ProcessingIsPassedToTheHandlerForCorrectMessage" classname="JustSaying.AwsTools.UnitTests.MessageHandling.SqsNotificationListener.WhenMessageHandlingSucceeds" runstate="Runnable" seed="1498902984" result="Passed" start-time="2017-03-27 09:04:35Z" end-time="2017-03-27 09:04:35Z" duration="0.001184" asserts="0" />
                <test-case id="1059" name="ReceiveMessageTimeStatsSent" fullname="JustSaying.AwsTools.UnitTests.MessageHandling.SqsNotificationListener.WhenMessageHandlingSucceeds.ReceiveMessageTimeStatsSent" methodname="ReceiveMessageTimeStatsSent" classname="JustSaying.AwsTools.UnitTests.MessageHandling.SqsNotificationListener.WhenMessageHandlingSucceeds" runstate="Runnable" seed="1974301024" result="Passed" start-time="2017-03-27 09:04:35Z" end-time="2017-03-27 09:04:35Z" duration="0.008837" asserts="0" />
              </test-suite>
              <test-suite type="TestFixture" id="1061" name="WhenMessageHandlingThrows" fullname="JustSaying.AwsTools.UnitTests.MessageHandling.SqsNotificationListener.WhenMessageHandlingThrows" classname="JustSaying.AwsTools.UnitTests.MessageHandling.SqsNotificationListener.WhenMessageHandlingThrows" runstate="Runnable" testcasecount="3" result="Passed" start-time="2017-03-27 09:04:35Z" end-time="2017-03-27 09:04:35Z" duration="0.228428" total="3" passed="3" failed="0" warnings="0" inconclusive="0" skipped="0" asserts="1">
                <test-case id="1064" name="ExceptionIsLoggedToMonitor" fullname="JustSaying.AwsTools.UnitTests.MessageHandling.SqsNotificationListener.WhenMessageHandlingThrows.ExceptionIsLoggedToMonitor" methodname="ExceptionIsLoggedToMonitor" classname="JustSaying.AwsTools.UnitTests.MessageHandling.SqsNotificationListener.WhenMessageHandlingThrows" runstate="Runnable" seed="424354704" result="Passed" start-time="2017-03-27 09:04:35Z" end-time="2017-03-27 09:04:35Z" duration="0.002162" asserts="0" />
                <test-case id="1063" name="FailedMessageIsNotRemovedFromQueue" fullname="JustSaying.AwsTools.UnitTests.MessageHandling.SqsNotificationListener.WhenMessageHandlingThrows.FailedMessageIsNotRemovedFromQueue" methodname="FailedMessageIsNotRemovedFromQueue" classname="JustSaying.AwsTools.UnitTests.MessageHandling.SqsNotificationListener.WhenMessageHandlingThrows" runstate="Runnable" seed="1857979008" result="Passed" start-time="2017-03-27 09:04:35Z" end-time="2017-03-27 09:04:35Z" duration="0.001476" asserts="0" />
                <test-case id="1062" name="MessageHandlerWasCalled" fullname="JustSaying.AwsTools.UnitTests.MessageHandling.SqsNotificationListener.WhenMessageHandlingThrows.MessageHandlerWasCalled" methodname="MessageHandlerWasCalled" classname="JustSaying.AwsTools.UnitTests.MessageHandling.SqsNotificationListener.WhenMessageHandlingThrows" runstate="Runnable" seed="1885706954" result="Passed" start-time="2017-03-27 09:04:35Z" end-time="2017-03-27 09:04:35Z" duration="0.000405" asserts="0" />
              </test-suite>
              <test-suite type="TestFixture" id="1065" name="WhenMessageProcessingThrowsBefore" fullname="JustSaying.AwsTools.UnitTests.MessageHandling.SqsNotificationListener.WhenMessageProcessingThrowsBefore" classname="JustSaying.AwsTools.UnitTests.MessageHandling.SqsNotificationListener.WhenMessageProcessingThrowsBefore" runstate="Runnable" testcasecount="3" result="Passed" start-time="2017-03-27 09:04:35Z" end-time="2017-03-27 09:04:35Z" duration="0.221536" total="3" passed="3" failed="0" warnings="0" inconclusive="0" skipped="0" asserts="0">
                <test-case id="1068" name="ExceptionIsLoggedToMonitor" fullname="JustSaying.AwsTools.UnitTests.MessageHandling.SqsNotificationListener.WhenMessageProcessingThrowsBefore.ExceptionIsLoggedToMonitor" methodname="ExceptionIsLoggedToMonitor" classname="JustSaying.AwsTools.UnitTests.MessageHandling.SqsNotificationListener.WhenMessageProcessingThrowsBefore" runstate="Runnable" seed="1426071005" result="Passed" start-time="2017-03-27 09:04:35Z" end-time="2017-03-27 09:04:35Z" duration="0.001259" asserts="0" />
                <test-case id="1067" name="FailedMessageIsNotRemovedFromQueue" fullname="JustSaying.AwsTools.UnitTests.MessageHandling.SqsNotificationListener.WhenMessageProcessingThrowsBefore.FailedMessageIsNotRemovedFromQueue" methodname="FailedMessageIsNotRemovedFromQueue" classname="JustSaying.AwsTools.UnitTests.MessageHandling.SqsNotificationListener.WhenMessageProcessingThrowsBefore" runstate="Runnable" seed="569786468" result="Passed" start-time="2017-03-27 09:04:35Z" end-time="2017-03-27 09:04:35Z" duration="0.001515" asserts="0" />
                <test-case id="1066" name="MessageHandlerWasNotCalled" fullname="JustSaying.AwsTools.UnitTests.MessageHandling.SqsNotificationListener.WhenMessageProcessingThrowsBefore.MessageHandlerWasNotCalled" methodname="MessageHandlerWasNotCalled" classname="JustSaying.AwsTools.UnitTests.MessageHandling.SqsNotificationListener.WhenMessageProcessingThrowsBefore" runstate="Runnable" seed="1615189313" result="Passed" start-time="2017-03-27 09:04:35Z" end-time="2017-03-27 09:04:35Z" duration="0.000424" asserts="0" />
              </test-suite>
              <test-suite type="TestFixture" id="1069" name="WhenMessageProcessingThrowsDuring" fullname="JustSaying.AwsTools.UnitTests.MessageHandling.SqsNotificationListener.WhenMessageProcessingThrowsDuring" classname="JustSaying.AwsTools.UnitTests.MessageHandling.SqsNotificationListener.WhenMessageProcessingThrowsDuring" runstate="Runnable" testcasecount="3" result="Passed" start-time="2017-03-27 09:04:35Z" end-time="2017-03-27 09:04:35Z" duration="0.225032" total="3" passed="3" failed="0" warnings="0" inconclusive="0" skipped="0" asserts="0">
                <test-case id="1072" name="ExceptionIsLoggedToMonitor" fullname="JustSaying.AwsTools.UnitTests.MessageHandling.SqsNotificationListener.WhenMessageProcessingThrowsDuring.ExceptionIsLoggedToMonitor" methodname="ExceptionIsLoggedToMonitor" classname="JustSaying.AwsTools.UnitTests.MessageHandling.SqsNotificationListener.WhenMessageProcessingThrowsDuring" runstate="Runnable" seed="1626230953" result="Passed" start-time="2017-03-27 09:04:35Z" end-time="2017-03-27 09:04:35Z" duration="0.001355" asserts="0" />
                <test-case id="1071" name="FailedMessageIsNotRemovedFromQueue" fullname="JustSaying.AwsTools.UnitTests.MessageHandling.SqsNotificationListener.WhenMessageProcessingThrowsDuring.FailedMessageIsNotRemovedFromQueue" methodname="FailedMessageIsNotRemovedFromQueue" classname="JustSaying.AwsTools.UnitTests.MessageHandling.SqsNotificationListener.WhenMessageProcessingThrowsDuring" runstate="Runnable" seed="269031311" result="Passed" start-time="2017-03-27 09:04:35Z" end-time="2017-03-27 09:04:35Z" duration="0.001899" asserts="0" />
                <test-case id="1070" name="MessageHandlerWasNotCalled" fullname="JustSaying.AwsTools.UnitTests.MessageHandling.SqsNotificationListener.WhenMessageProcessingThrowsDuring.MessageHandlerWasNotCalled" methodname="MessageHandlerWasNotCalled" classname="JustSaying.AwsTools.UnitTests.MessageHandling.SqsNotificationListener.WhenMessageProcessingThrowsDuring" runstate="Runnable" seed="814563142" result="Passed" start-time="2017-03-27 09:04:35Z" end-time="2017-03-27 09:04:35Z" duration="0.000448" asserts="0" />
              </test-suite>
              <test-suite type="TestFixture" id="1073" name="WhenPassingAHandledAndUnhandledMessage" fullname="JustSaying.AwsTools.UnitTests.MessageHandling.SqsNotificationListener.WhenPassingAHandledAndUnhandledMessage" classname="JustSaying.AwsTools.UnitTests.MessageHandling.SqsNotificationListener.WhenPassingAHandledAndUnhandledMessage" runstate="Runnable" testcasecount="4" result="Passed" start-time="2017-03-27 09:04:35Z" end-time="2017-03-27 09:04:36Z" duration="0.249650" total="4" passed="4" failed="0" warnings="0" inconclusive="0" skipped="0" asserts="1">
                <test-case id="1077" name="AllMessagesAreClearedFromQueue" fullname="JustSaying.AwsTools.UnitTests.MessageHandling.SqsNotificationListener.WhenPassingAHandledAndUnhandledMessage.AllMessagesAreClearedFromQueue" methodname="AllMessagesAreClearedFromQueue" classname="JustSaying.AwsTools.UnitTests.MessageHandling.SqsNotificationListener.WhenPassingAHandledAndUnhandledMessage" runstate="Runnable" seed="873129014" result="Passed" start-time="2017-03-27 09:04:36Z" end-time="2017-03-27 09:04:36Z" duration="0.002336" asserts="0" />
                <test-case id="1074" name="MessagesGetDeserialisedByCorrectHandler" fullname="JustSaying.AwsTools.UnitTests.MessageHandling.SqsNotificationListener.WhenPassingAHandledAndUnhandledMessage.MessagesGetDeserialisedByCorrectHandler" methodname="MessagesGetDeserialisedByCorrectHandler" classname="JustSaying.AwsTools.UnitTests.MessageHandling.SqsNotificationListener.WhenPassingAHandledAndUnhandledMessage" runstate="Runnable" seed="642433802" result="Passed" start-time="2017-03-27 09:04:36Z" end-time="2017-03-27 09:04:36Z" duration="0.000472" asserts="0" />
                <test-case id="1076" name="MonitoringToldMessageHandlingTime" fullname="JustSaying.AwsTools.UnitTests.MessageHandling.SqsNotificationListener.WhenPassingAHandledAndUnhandledMessage.MonitoringToldMessageHandlingTime" methodname="MonitoringToldMessageHandlingTime" classname="JustSaying.AwsTools.UnitTests.MessageHandling.SqsNotificationListener.WhenPassingAHandledAndUnhandledMessage" runstate="Runnable" seed="1183353305" result="Passed" start-time="2017-03-27 09:04:36Z" end-time="2017-03-27 09:04:36Z" duration="0.002620" asserts="0" />
                <test-case id="1075" name="ProcessingIsPassedToTheHandlerForCorrectMessage" fullname="JustSaying.AwsTools.UnitTests.MessageHandling.SqsNotificationListener.WhenPassingAHandledAndUnhandledMessage.ProcessingIsPassedToTheHandlerForCorrectMessage" methodname="ProcessingIsPassedToTheHandlerForCorrectMessage" classname="JustSaying.AwsTools.UnitTests.MessageHandling.SqsNotificationListener.WhenPassingAHandledAndUnhandledMessage" runstate="Runnable" seed="240931492" result="Passed" start-time="2017-03-27 09:04:36Z" end-time="2017-03-27 09:04:36Z" duration="0.003076" asserts="0" />
              </test-suite>
              <test-suite type="TestFixture" id="1078" name="WhenThereAreExceptionsInMessageProcessing" fullname="JustSaying.AwsTools.UnitTests.MessageHandling.SqsNotificationListener.WhenThereAreExceptionsInMessageProcessing" classname="JustSaying.AwsTools.UnitTests.MessageHandling.SqsNotificationListener.WhenThereAreExceptionsInMessageProcessing" runstate="Runnable" testcasecount="1" result="Passed" start-time="2017-03-27 09:04:36Z" end-time="2017-03-27 09:04:36Z" duration="0.148604" total="1" passed="1" failed="0" warnings="0" inconclusive="0" skipped="0" asserts="1">
                <test-case id="1079" name="TheListenerDoesNotDie" fullname="JustSaying.AwsTools.UnitTests.MessageHandling.SqsNotificationListener.WhenThereAreExceptionsInMessageProcessing.TheListenerDoesNotDie" methodname="TheListenerDoesNotDie" classname="JustSaying.AwsTools.UnitTests.MessageHandling.SqsNotificationListener.WhenThereAreExceptionsInMessageProcessing" runstate="Runnable" seed="2046163437" result="Passed" start-time="2017-03-27 09:04:36Z" end-time="2017-03-27 09:04:36Z" duration="0.005172" asserts="1" />
              </test-suite>
              <test-suite type="TestFixture" id="1080" name="WhenThereAreExceptionsInSqsCalling" fullname="JustSaying.AwsTools.UnitTests.MessageHandling.SqsNotificationListener.WhenThereAreExceptionsInSqsCalling" classname="JustSaying.AwsTools.UnitTests.MessageHandling.SqsNotificationListener.WhenThereAreExceptionsInSqsCalling" runstate="Runnable" testcasecount="1" result="Passed" start-time="2017-03-27 09:04:36Z" end-time="2017-03-27 09:04:36Z" duration="0.215129" total="1" passed="1" failed="0" warnings="0" inconclusive="0" skipped="0" asserts="1">
                <test-case id="1081" name="QueueIsPolledMoreThanOnce" fullname="JustSaying.AwsTools.UnitTests.MessageHandling.SqsNotificationListener.WhenThereAreExceptionsInSqsCalling.QueueIsPolledMoreThanOnce" methodname="QueueIsPolledMoreThanOnce" classname="JustSaying.AwsTools.UnitTests.MessageHandling.SqsNotificationListener.WhenThereAreExceptionsInSqsCalling" runstate="Runnable" seed="1567390514" result="Passed" start-time="2017-03-27 09:04:36Z" end-time="2017-03-27 09:04:36Z" duration="0.000734" asserts="1" />
              </test-suite>
              <test-suite type="TestFixture" id="1082" name="WhenThereAreNoMessagesToProcess" fullname="JustSaying.AwsTools.UnitTests.MessageHandling.SqsNotificationListener.WhenThereAreNoMessagesToProcess" classname="JustSaying.AwsTools.UnitTests.MessageHandling.SqsNotificationListener.WhenThereAreNoMessagesToProcess" runstate="Runnable" testcasecount="1" result="Passed" start-time="2017-03-27 09:04:36Z" end-time="2017-03-27 09:04:36Z" duration="0.114986" total="1" passed="1" failed="0" warnings="0" inconclusive="0" skipped="0" asserts="1">
                <test-case id="1083" name="ListenLoopDoesNotDie" fullname="JustSaying.AwsTools.UnitTests.MessageHandling.SqsNotificationListener.WhenThereAreNoMessagesToProcess.ListenLoopDoesNotDie" methodname="ListenLoopDoesNotDie" classname="JustSaying.AwsTools.UnitTests.MessageHandling.SqsNotificationListener.WhenThereAreNoMessagesToProcess" runstate="Runnable" seed="474341175" result="Passed" start-time="2017-03-27 09:04:36Z" end-time="2017-03-27 09:04:36Z" duration="0.000309" asserts="1" />
              </test-suite>
            </test-suite>
          </test-suite>
          <test-suite type="TestSuite" id="1094" name="QueueCreation" fullname="JustSaying.AwsTools.UnitTests.QueueCreation" runstate="Runnable" testcasecount="1" result="Passed" start-time="2017-03-27 09:04:32Z" end-time="2017-03-27 09:04:36Z" duration="4.108268" total="1" passed="1" failed="0" warnings="0" inconclusive="0" skipped="0" asserts="2">
            <test-suite type="TestFixture" id="1002" name="WhenSerializingRedrivePolicy" fullname="JustSaying.AwsTools.UnitTests.QueueCreation.WhenSerializingRedrivePolicy" classname="JustSaying.AwsTools.UnitTests.QueueCreation.WhenSerializingRedrivePolicy" runstate="Runnable" testcasecount="1" result="Passed" start-time="2017-03-27 09:04:36Z" end-time="2017-03-27 09:04:36Z" duration="0.221993" total="1" passed="1" failed="0" warnings="0" inconclusive="0" skipped="0" asserts="2">
              <test-case id="1003" name="CanDeserializeIntoRedrivePolicy" fullname="JustSaying.AwsTools.UnitTests.QueueCreation.WhenSerializingRedrivePolicy.CanDeserializeIntoRedrivePolicy" methodname="CanDeserializeIntoRedrivePolicy" classname="JustSaying.AwsTools.UnitTests.QueueCreation.WhenSerializingRedrivePolicy" runstate="Runnable" seed="777641127" result="Passed" start-time="2017-03-27 09:04:36Z" end-time="2017-03-27 09:04:36Z" duration="0.218565" asserts="2" />
            </test-suite>
          </test-suite>
          <test-suite type="TestSuite" id="1092" name="SqsQueueConfiguration" fullname="JustSaying.AwsTools.UnitTests.SqsQueueConfiguration" runstate="Runnable" testcasecount="1" result="Passed" start-time="2017-03-27 09:04:32Z" end-time="2017-03-27 09:04:36Z" duration="4.123398" total="1" passed="1" failed="0" warnings="0" inconclusive="0" skipped="0" asserts="1">
            <test-suite type="TestSuite" id="1093" name="Validation" fullname="JustSaying.AwsTools.UnitTests.SqsQueueConfiguration.Validation" runstate="Runnable" testcasecount="1" result="Passed" start-time="2017-03-27 09:04:32Z" end-time="2017-03-27 09:04:36Z" duration="4.119406" total="1" passed="1" failed="0" warnings="0" inconclusive="0" skipped="0" asserts="1">
              <test-suite type="TestFixture" id="1000" name="WhenPublishEndpointIsNotProvided" fullname="JustSaying.AwsTools.UnitTests.SqsQueueConfiguration.Validation.WhenPublishEndpointIsNotProvided" classname="JustSaying.AwsTools.UnitTests.SqsQueueConfiguration.Validation.WhenPublishEndpointIsNotProvided" runstate="Runnable" testcasecount="1" result="Passed" start-time="2017-03-27 09:04:36Z" end-time="2017-03-27 09:04:36Z" duration="0.009092" total="1" passed="1" failed="0" warnings="0" inconclusive="0" skipped="0" asserts="1">
                <test-case id="1001" name="ThrowsException" fullname="JustSaying.AwsTools.UnitTests.SqsQueueConfiguration.Validation.WhenPublishEndpointIsNotProvided.ThrowsException" methodname="ThrowsException" classname="JustSaying.AwsTools.UnitTests.SqsQueueConfiguration.Validation.WhenPublishEndpointIsNotProvided" runstate="Runnable" seed="2116185124" result="Passed" start-time="2017-03-27 09:04:36Z" end-time="2017-03-27 09:04:36Z" duration="0.000550" asserts="1" />
              </test-suite>
            </test-suite>
          </test-suite>
        </test-suite>
      </test-suite>
    </test-suite>
  </test-suite>
</test-run>